<?xml version="1.0" encoding="UTF-8"?>
<!-- Generated by org.testng.reporters.JUnitXMLReporter -->
<testsuite ignored="0" hostname="LAPTOP-NV75CRGQ" failures="0" tests="4" name="Default test" time="23.421" errors="0" timestamp="2020-06-11T00:32:05 EDT">
  <testcase classname="test.Login" name="register" time="9.713"/>
  <testcase classname="test.Login" name="flight" time="2.398"/>
  <testcase classname="test.Login" name="cruise" time="2.883"/>
  <testcase classname="test.Login" name="brokenpages" time="8.365"/>
</testsuite> <!-- Default test -->
