<?xml version="1.0" encoding="UTF-8"?>
<testng-results ignored="0" total="4" passed="4" failed="0" skipped="0">
  <reporter-output>
  </reporter-output>
  <suite started-at="2020-06-11T00:31:42 EDT" name="Default suite" finished-at="2020-06-11T00:32:05 EDT" duration-ms="23421">
    <groups>
    </groups>
    <test started-at="2020-06-11T00:31:42 EDT" name="Default test" finished-at="2020-06-11T00:32:05 EDT" duration-ms="23421">
      <class name="test.Login">
        <test-method is-config="true" signature="beforeSuite()[pri:0, instance:test.Login@4fe767f3]" started-at="2020-06-11T00:31:33 EDT" name="beforeSuite" finished-at="2020-06-11T00:31:42 EDT" duration-ms="8665" status="PASS">
          <reporter-output>
          </reporter-output>
        </test-method> <!-- beforeSuite -->
        <test-method signature="register()[pri:1, instance:test.Login@4fe767f3]" started-at="2020-06-11T00:31:42 EDT" name="register" finished-at="2020-06-11T00:31:52 EDT" duration-ms="9713" status="PASS">
          <reporter-output>
          </reporter-output>
        </test-method> <!-- register -->
        <test-method signature="flight()[pri:2, instance:test.Login@4fe767f3]" started-at="2020-06-11T00:31:52 EDT" name="flight" finished-at="2020-06-11T00:31:54 EDT" duration-ms="2398" status="PASS">
          <reporter-output>
          </reporter-output>
        </test-method> <!-- flight -->
        <test-method signature="cruise()[pri:3, instance:test.Login@4fe767f3]" started-at="2020-06-11T00:31:54 EDT" name="cruise" finished-at="2020-06-11T00:31:57 EDT" duration-ms="2883" status="PASS">
          <reporter-output>
          </reporter-output>
        </test-method> <!-- cruise -->
        <test-method signature="brokenpages()[pri:4, instance:test.Login@4fe767f3]" started-at="2020-06-11T00:31:57 EDT" name="brokenpages" finished-at="2020-06-11T00:32:05 EDT" duration-ms="8365" status="PASS">
          <reporter-output>
          </reporter-output>
        </test-method> <!-- brokenpages -->
        <test-method is-config="true" signature="afterSuite()[pri:0, instance:test.Login@4fe767f3]" started-at="2020-06-11T00:32:05 EDT" name="afterSuite" finished-at="2020-06-11T00:32:06 EDT" duration-ms="699" status="PASS">
          <reporter-output>
          </reporter-output>
        </test-method> <!-- afterSuite -->
      </class> <!-- test.Login -->
    </test> <!-- Default test -->
  </suite> <!-- Default suite -->
</testng-results>
